SF:lib/start_to_test_classes/00_favorites_storage.dart
DA:4,3
DA:6,3
DA:8,0
DA:10,0
DA:11,0
DA:14,0
DA:15,0
DA:17,0
DA:18,0
DA:19,0
DA:20,0
DA:24,0
DA:25,0
LF:13
LH:2
end_of_record
SF:lib/core/src/model/cocktail.dart
DA:93,0
DA:103,0
LF:2
LH:0
end_of_record
SF:lib/core/src/model/cocktail_category.dart
DA:44,1
DA:46,0
DA:47,0
DA:49,0
DA:52,0
DA:53,0
DA:54,0
DA:56,0
DA:57,0
DA:59,0
DA:60,0
LF:11
LH:1
end_of_record
SF:lib/core/src/model/cocktail_definition.dart
DA:10,0
LF:1
LH:0
end_of_record
SF:lib/core/src/model/cocktail_type.dart
DA:23,1
DA:25,0
DA:26,0
DA:28,0
DA:31,0
DA:32,0
DA:33,0
DA:35,0
DA:36,0
DA:42,0
DA:43,0
LF:11
LH:1
end_of_record
SF:lib/core/src/model/glass_type.dart
DA:97,1
DA:99,0
DA:100,0
DA:102,0
DA:105,0
DA:106,0
DA:107,0
DA:109,0
DA:110,0
DA:112,0
DA:113,0
LF:11
LH:1
end_of_record
SF:lib/core/src/model/ingredient.dart
DA:27,0
LF:1
LH:0
end_of_record
SF:lib/core/src/model/ingredient_definition.dart
DA:8,0
LF:1
LH:0
end_of_record
SF:lib/core/src/repository/async_cocktail_repository.dart
DA:22,0
DA:28,0
DA:30,0
DA:31,0
DA:32,0
DA:33,0
DA:34,0
DA:37,0
DA:38,0
DA:39,0
DA:40,0
DA:43,0
DA:49,0
DA:51,0
DA:56,0
DA:57,0
DA:58,0
DA:59,0
DA:61,0
DA:65,0
DA:66,0
DA:67,0
DA:70,0
DA:71,0
DA:73,0
DA:74,0
DA:75,0
DA:77,0
DA:78,0
DA:82,0
DA:88,0
DA:90,0
DA:92,0
DA:93,0
DA:94,0
DA:96,0
DA:100,0
DA:101,0
DA:102,0
DA:105,0
DA:106,0
DA:108,0
DA:109,0
DA:110,0
DA:112,0
DA:113,0
DA:117,0
DA:123,0
DA:124,0
DA:126,0
DA:127,0
DA:129,0
DA:133,0
DA:134,0
DA:135,0
DA:138,0
DA:139,0
DA:141,0
DA:142,0
DA:143,0
DA:146,0
DA:152,0
DA:158,0
DA:159,0
DA:160,0
DA:161,0
DA:162,0
DA:163,0
DA:166,0
DA:167,0
DA:168,0
DA:169,0
DA:172,0
DA:178,0
DA:179,0
DA:180,0
DA:181,0
DA:183,0
DA:185,0
DA:186,0
DA:188,0
DA:189,0
DA:193,0
DA:195,0
DA:197,0
DA:201,0
DA:202,0
DA:203,0
DA:204,0
DA:205,0
DA:206,0
DA:207,0
DA:208,0
DA:209,0
DA:210,0
DA:211,0
DA:212,0
DA:213,0
DA:214,0
DA:215,0
DA:216,0
DA:217,0
LF:102
LH:0
end_of_record
SF:lib/core/src/dto/cocktail_definition_dto.dart
DA:16,0
DA:18,0
LF:2
LH:0
end_of_record
SF:lib/core/src/dto/cocktail_definition_dto.g.dart
DA:9,0
DA:11,0
DA:12,0
DA:13,0
DA:14,0
LF:5
LH:0
end_of_record
SF:lib/core/src/dto/cocktail_dto.dart
DA:50,0
DA:95,0
LF:2
LH:0
end_of_record
SF:lib/core/src/dto/cocktail_dto.g.dart
DA:9,0
DA:10,0
DA:11,0
DA:12,0
DA:13,0
DA:14,0
DA:15,0
DA:16,0
DA:17,0
DA:18,0
DA:19,0
DA:20,0
DA:21,0
DA:22,0
DA:23,0
DA:24,0
DA:25,0
DA:26,0
DA:27,0
DA:28,0
DA:29,0
DA:30,0
DA:31,0
DA:32,0
DA:33,0
DA:34,0
DA:35,0
DA:36,0
DA:37,0
DA:38,0
DA:39,0
DA:40,0
DA:41,0
DA:42,0
DA:43,0
DA:44,0
DA:45,0
DA:46,0
DA:47,0
DA:48,0
DA:49,0
DA:50,0
DA:51,0
DA:52,0
LF:44
LH:0
end_of_record
SF:lib/ui/pages/details/cocktail_description/cocktail_title.dart
DA:9,1
DA:14,1
DA:15,1
DA:18,1
DA:19,1
DA:20,1
DA:22,3
DA:24,1
DA:28,2
DA:29,1
DA:30,1
DA:31,0
DA:33,1
DA:34,1
DA:35,0
LF:15
LH:13
end_of_record
SF:lib/uikit/fancy_button.dart
DA:12,1
DA:16,1
DA:18,1
DA:20,1
DA:21,1
DA:22,1
DA:23,1
DA:24,1
DA:26,2
DA:27,1
DA:28,1
DA:29,1
DA:33,1
DA:34,1
LF:14
LH:14
end_of_record
