SF:lib\ui\pages\details\cocktail_description\cocktail_title.dart
DA:8,1
DA:13,1
DA:14,1
DA:17,1
DA:18,1
DA:19,1
DA:20,3
DA:22,1
DA:26,2
DA:27,1
DA:29,1
DA:30,1
DA:31,0
DA:34,1
DA:36,1
DA:37,1
DA:38,0
LF:17
LH:15
end_of_record
SF:lib\core\src\dto\cocktail_definition_dto.g.dart
DA:9,1
DA:11,1
DA:12,1
DA:13,1
DA:14,1
LF:5
LH:5
end_of_record
SF:lib\core\src\dto\cocktail_definition_dto.dart
DA:16,1
DA:18,2
LF:2
LH:2
end_of_record
SF:lib\core\src\dto\cocktail_dto.g.dart
DA:9,2
DA:10,1
DA:11,1
DA:12,1
DA:13,1
DA:14,1
DA:15,1
DA:16,1
DA:17,1
DA:18,1
DA:19,1
DA:20,1
DA:21,1
DA:22,1
DA:23,1
DA:24,1
DA:25,1
DA:26,1
DA:27,1
DA:28,1
DA:29,1
DA:30,1
DA:31,1
DA:32,1
DA:33,1
DA:34,1
DA:35,1
DA:36,1
DA:37,1
DA:38,1
DA:39,1
DA:40,1
DA:41,1
DA:42,1
DA:43,1
DA:44,1
DA:45,1
DA:46,1
DA:47,1
DA:48,1
DA:49,1
DA:50,1
DA:51,1
LF:43
LH:43
end_of_record
SF:lib\core\src\dto\cocktail_dto.dart
DA:50,1
DA:95,2
LF:2
LH:2
end_of_record
SF:lib\core\src\model\cocktail.dart
DA:93,1
DA:103,1
LF:2
LH:2
end_of_record
SF:lib\core\src\model\cocktail_category.dart
DA:44,1
DA:46,0
DA:47,0
DA:49,0
DA:52,0
DA:53,0
DA:54,0
DA:56,0
DA:57,0
DA:59,2
DA:60,5
LF:11
LH:3
end_of_record
SF:lib\core\src\model\cocktail_definition.dart
DA:10,1
LF:1
LH:1
end_of_record
SF:lib\core\src\model\cocktail_type.dart
DA:23,1
DA:25,0
DA:26,0
DA:28,0
DA:31,0
DA:32,0
DA:33,0
DA:35,0
DA:36,0
DA:42,2
DA:43,5
LF:11
LH:3
end_of_record
SF:lib\core\src\model\glass_type.dart
DA:97,1
DA:99,0
DA:100,0
DA:102,0
DA:105,0
DA:106,0
DA:107,0
DA:109,0
DA:110,0
DA:112,2
DA:113,5
LF:11
LH:3
end_of_record
SF:lib\core\src\model\ingredient_definition.dart
DA:8,0
LF:1
LH:0
end_of_record
SF:lib\core\src\model\ingredient.dart
DA:27,0
LF:1
LH:0
end_of_record
SF:lib\core\src\repository\async_cocktail_repository.dart
DA:22,0
DA:28,0
DA:30,0
DA:31,0
DA:32,0
DA:33,0
DA:34,0
DA:36,0
DA:37,0
DA:38,0
DA:39,0
DA:42,0
DA:48,0
DA:50,0
DA:55,0
DA:56,0
DA:57,0
DA:58,0
DA:60,0
DA:64,0
DA:65,0
DA:66,0
DA:69,0
DA:70,0
DA:72,0
DA:73,0
DA:74,0
DA:76,0
DA:77,0
DA:81,0
DA:87,0
DA:89,0
DA:91,0
DA:92,0
DA:93,0
DA:95,0
DA:99,0
DA:100,0
DA:101,0
DA:104,0
DA:105,0
DA:107,0
DA:108,0
DA:109,0
DA:111,0
DA:112,0
DA:116,0
DA:122,0
DA:123,0
DA:125,0
DA:126,0
DA:128,0
DA:132,0
DA:133,0
DA:134,0
DA:137,0
DA:138,0
DA:140,0
DA:141,0
DA:142,0
DA:145,0
DA:151,0
DA:157,0
DA:158,0
DA:159,0
DA:160,0
DA:161,0
DA:162,0
DA:165,0
DA:166,0
DA:167,0
DA:168,0
DA:171,0
DA:177,0
DA:178,0
DA:179,0
DA:180,0
DA:182,0
DA:184,0
DA:185,0
DA:187,0
DA:188,0
DA:192,0
DA:194,0
DA:196,0
DA:200,0
DA:201,0
DA:202,0
DA:203,0
DA:204,0
DA:205,0
DA:206,0
DA:207,0
DA:208,0
DA:209,0
DA:210,0
DA:211,0
DA:212,0
DA:213,0
DA:214,0
DA:215,0
DA:216,0
LF:102
LH:0
end_of_record
