SF:lib/ui/pages/details/cocktail_detail_page.dart
DA:12,2
DA:14,1
DA:16,1
DA:17,1
DA:18,1
DA:19,1
DA:20,3
DA:21,2
DA:22,3
DA:23,3
DA:24,1
LF:11
LH:11
end_of_record
SF:lib/core/src/model/cocktail.dart
DA:94,1
DA:104,1
DA:111,0
DA:112,0
DA:113,0
DA:114,0
DA:115,0
DA:116,0
DA:117,0
DA:118,0
DA:119,0
DA:120,0
DA:121,0
DA:124,0
LF:14
LH:2
end_of_record
SF:lib/core/src/model/cocktail_category.dart
DA:45,1
DA:46,0
DA:47,0
DA:49,0
DA:50,0
LF:5
LH:1
end_of_record
SF:lib/core/src/model/cocktail_definition.dart
DA:10,1
DA:17,0
DA:18,0
LF:3
LH:1
end_of_record
SF:lib/core/src/model/cocktail_type.dart
DA:24,1
DA:26,0
DA:27,0
DA:29,0
DA:32,0
DA:33,0
DA:34,0
DA:36,0
DA:37,0
DA:43,0
DA:44,0
LF:11
LH:1
end_of_record
SF:lib/core/src/model/glass_type.dart
DA:97,1
DA:99,0
DA:100,0
DA:102,0
DA:105,0
DA:106,0
DA:107,0
DA:109,0
DA:110,0
DA:112,0
DA:113,0
LF:11
LH:1
end_of_record
SF:lib/core/src/model/ingredient.dart
DA:30,0
DA:38,0
DA:41,0
LF:3
LH:0
end_of_record
SF:lib/core/src/model/ingredient_definition.dart
DA:10,1
DA:12,0
DA:13,0
LF:3
LH:1
end_of_record
SF:lib/core/src/repository/async_cocktail_repository.dart
DA:25,0
DA:27,0
DA:29,0
DA:30,0
DA:31,0
DA:33,0
DA:34,0
DA:36,0
DA:37,0
DA:39,0
DA:40,0
DA:41,0
DA:42,0
DA:44,0
DA:50,0
DA:53,0
DA:54,0
DA:56,0
DA:59,0
DA:60,0
DA:61,0
DA:62,0
DA:67,0
DA:69,0
DA:71,0
DA:72,0
DA:74,0
DA:77,0
DA:78,0
DA:80,0
DA:81,0
DA:82,0
DA:83,0
DA:85,0
DA:86,0
DA:93,0
DA:95,0
DA:97,0
DA:98,0
DA:100,0
DA:103,0
DA:104,0
DA:106,0
DA:107,0
DA:108,0
DA:110,0
DA:111,0
DA:118,0
DA:119,0
DA:121,0
DA:123,0
DA:126,0
DA:127,0
DA:129,0
DA:130,0
DA:131,0
DA:137,0
DA:140,0
DA:141,0
DA:143,0
DA:144,0
DA:145,0
DA:146,0
DA:151,0
DA:154,0
DA:155,0
DA:157,0
DA:160,0
DA:161,0
DA:162,0
DA:163,0
DA:169,0
DA:170,0
DA:171,0
DA:172,0
DA:173,0
DA:174,0
DA:175,0
DA:178,0
DA:179,0
DA:180,0
DA:181,0
DA:183,0
DA:185,0
DA:186,0
DA:188,0
DA:189,0
DA:193,0
DA:195,0
DA:197,0
DA:201,0
DA:202,0
DA:203,0
DA:204,0
DA:205,0
DA:206,0
DA:207,0
DA:208,0
DA:209,0
DA:210,0
DA:211,0
DA:212,0
DA:213,0
DA:214,0
DA:215,0
DA:216,0
DA:217,0
DA:218,0
DA:219,0
DA:220,0
DA:221,0
DA:222,0
DA:223,0
DA:224,0
DA:225,0
DA:226,0
DA:227,0
DA:228,0
DA:229,0
DA:230,0
DA:231,0
DA:232,0
LF:122
LH:0
end_of_record
SF:lib/core/src/dto/cocktail_definition_dto.dart
DA:16,0
DA:18,0
LF:2
LH:0
end_of_record
SF:lib/core/src/dto/cocktail_definition_dto.g.dart
DA:9,0
DA:11,0
DA:12,0
DA:13,0
DA:14,0
LF:5
LH:0
end_of_record
SF:lib/core/src/dto/cocktail_dto.dart
DA:50,0
DA:95,0
LF:2
LH:0
end_of_record
SF:lib/core/src/dto/cocktail_dto.g.dart
DA:9,0
DA:10,0
DA:11,0
DA:12,0
DA:13,0
DA:14,0
DA:15,0
DA:16,0
DA:17,0
DA:18,0
DA:19,0
DA:20,0
DA:21,0
DA:22,0
DA:23,0
DA:24,0
DA:25,0
DA:26,0
DA:27,0
DA:28,0
DA:29,0
DA:30,0
DA:31,0
DA:32,0
DA:33,0
DA:34,0
DA:35,0
DA:36,0
DA:37,0
DA:38,0
DA:39,0
DA:40,0
DA:41,0
DA:42,0
DA:43,0
DA:44,0
DA:45,0
DA:46,0
DA:47,0
DA:48,0
DA:49,0
DA:50,0
DA:51,0
LF:43
LH:0
end_of_record
SF:lib/core/src/dto/ingredient_dto.dart
DA:15,0
DA:16,0
DA:18,0
DA:21,0
DA:22,0
LF:5
LH:0
end_of_record
SF:lib/core/src/dto/ingredient_dto.g.dart
DA:9,0
DA:10,0
DA:11,0
DA:12,0
DA:13,0
DA:14,0
DA:15,0
DA:16,0
DA:19,0
DA:20,0
DA:21,0
DA:22,0
DA:23,0
DA:24,0
DA:25,0
DA:26,0
LF:16
LH:0
end_of_record
SF:lib/ui/pages/details/cocktail_description/cocktail_characteristic_text.dart
DA:10,1
DA:15,1
DA:17,1
DA:19,1
DA:21,1
DA:22,1
DA:23,1
DA:24,3
DA:26,1
DA:28,2
LF:10
LH:10
end_of_record
SF:lib/ui/pages/details/cocktail_description/cocktail_value_text.dart
DA:8,1
DA:10,1
DA:12,1
DA:13,1
DA:15,2
DA:17,1
DA:19,1
DA:20,1
DA:21,3
LF:9
LH:9
end_of_record
SF:lib/ui/pages/details/cocktail_description/cocktail_description_widget.dart
DA:12,1
DA:14,1
DA:16,1
DA:18,1
DA:20,1
DA:22,1
DA:23,1
DA:24,2
DA:25,2
DA:27,1
DA:29,1
DA:30,3
DA:31,3
DA:34,1
DA:36,3
DA:38,1
DA:40,3
DA:42,1
DA:44,3
LF:19
LH:19
end_of_record
SF:lib/ui/pages/details/cocktail_description/cocktail_title.dart
DA:8,1
DA:13,1
DA:14,1
DA:17,1
DA:18,1
DA:19,1
DA:20,3
DA:22,1
DA:26,2
DA:27,1
DA:29,1
DA:30,1
DA:31,0
DA:34,1
DA:36,1
DA:37,1
DA:38,0
LF:17
LH:15
end_of_record
SF:lib/ui/pages/details/cocktail_ingredients/ingredients_widget.dart
DA:10,1
DA:12,1
DA:13,1
DA:15,1
DA:17,1
DA:20,1
DA:21,4
DA:22,1
DA:23,3
DA:24,1
DA:25,1
DA:26,1
LF:12
LH:12
end_of_record
SF:lib/ui/pages/details/cocktail_instruction/cocktail_instruction.dart
DA:10,1
DA:12,1
DA:14,3
DA:15,1
DA:18,1
DA:20,1
DA:22,1
DA:23,1
DA:25,4
DA:27,1
DA:28,1
DA:29,6
DA:30,1
DA:37,1
DA:38,1
DA:40,1
DA:43,1
DA:44,1
DA:45,1
DA:48,1
DA:50,1
DA:51,4
LF:22
LH:22
end_of_record
SF:lib/ui/pages/details/cocktail_preview.dart
DA:8,1
DA:10,1
DA:12,1
DA:13,1
DA:14,1
DA:15,1
DA:16,2
DA:18,1
DA:20,1
DA:22,1
DA:34,1
DA:35,1
DA:37,1
DA:40,1
DA:41,1
DA:42,1
DA:46,0
DA:48,1
DA:49,0
DA:50,1
LF:20
LH:18
end_of_record
SF:lib/ui/pages/details/cocktail_rating_bar/cocktail_rating_bar.dart
DA:9,1
DA:11,1
DA:13,1
DA:15,1
DA:17,1
DA:20,4
LF:6
LH:6
end_of_record
SF:lib/ui/pages/details/cocktail_ingredients/cocktail_ingredient_row.dart
DA:8,1
DA:13,1
DA:14,1
DA:16,1
DA:18,1
DA:19,1
DA:20,1
DA:21,3
DA:23,1
DA:24,1
DA:25,3
LF:11
LH:11
end_of_record
SF:lib/ui/pages/details/cocktail_rating_bar/cocktail_rating_star.dart
DA:8,1
DA:10,1
DA:12,1
DA:15,1
DA:16,1
DA:18,1
DA:23,1
DA:24,1
DA:25,1
DA:27,1
LF:10
LH:10
end_of_record
